<?xml version="1.0" encoding="UTF-8" ?>

<testsuite failures="0" time="0.119" errors="1" skipped="0" tests="1" name="BasicTest">
  <testcase classname="BasicTest" name="aVeryImportantThingToTest" time="0.002">
      </testcase>
  <testcase classname="BasicTest" name="createAndRetrieveUser" time="0.117">
                        <error type="" message="A java.lang.RuntimeException has been caught, Cannot load fixture data.yml: java.lang.reflect.InvocationTargetException">
        <![CDATA[
          In /test/BasicTest.java, line 18
          
                      Fixtures.loadModels(&quot;data.yml&quot;); :
          
        ]]>
        </error>
                  <system-err>
            java.lang.RuntimeException: Cannot load fixture data.yml: java.lang.reflect.InvocationTargetException
	at play.test.Fixtures.loadModels(Fixtures.java:237)
	at BasicTest.createAndRetrieveUser(BasicTest.java:18)
	at sun.reflect.NativeMethodAccessorImpl.invoke0(Native Method)
	at sun.reflect.NativeMethodAccessorImpl.invoke(NativeMethodAccessorImpl.java:39)
	at sun.reflect.DelegatingMethodAccessorImpl.invoke(DelegatingMethodAccessorImpl.java:25)
	at java.lang.reflect.Method.invoke(Method.java:597)
	at org.junit.runners.model.FrameworkMethod$1.runReflectiveCall(FrameworkMethod.java:44)
	at org.junit.internal.runners.model.ReflectiveCallable.run(ReflectiveCallable.java:15)
	at org.junit.runners.model.FrameworkMethod.invokeExplosively(FrameworkMethod.java:41)
	at org.junit.internal.runners.statements.InvokeMethod.evaluate(InvokeMethod.java:20)
	at play.test.PlayJUnitRunner$StartPlay$2$1.evaluate(PlayJUnitRunner.java:105)
	at org.junit.runners.BlockJUnit4ClassRunner.runChild(BlockJUnit4ClassRunner.java:76)
	at org.junit.runners.BlockJUnit4ClassRunner.runChild(BlockJUnit4ClassRunner.java:50)
	at org.junit.runners.ParentRunner$3.run(ParentRunner.java:193)
	at org.junit.runners.ParentRunner$1.schedule(ParentRunner.java:52)
	at org.junit.runners.ParentRunner.runChildren(ParentRunner.java:191)
	at org.junit.runners.ParentRunner.access$000(ParentRunner.java:42)
	at org.junit.runners.ParentRunner$2.evaluate(ParentRunner.java:184)
	at org.junit.runners.ParentRunner.run(ParentRunner.java:236)
	at play.test.PlayJUnitRunner.run(PlayJUnitRunner.java:55)
	at org.junit.runners.Suite.runChild(Suite.java:128)
	at org.junit.runners.Suite.runChild(Suite.java:24)
	at org.junit.runners.ParentRunner$3.run(ParentRunner.java:193)
	at org.junit.runners.ParentRunner$1.schedule(ParentRunner.java:52)
	at org.junit.runners.ParentRunner.runChildren(ParentRunner.java:191)
	at org.junit.runners.ParentRunner.access$000(ParentRunner.java:42)
	at org.junit.runners.ParentRunner$2.evaluate(ParentRunner.java:184)
	at org.junit.runners.ParentRunner.run(ParentRunner.java:236)
	at org.junit.runner.JUnitCore.run(JUnitCore.java:157)
	at org.junit.runner.JUnitCore.run(JUnitCore.java:136)
	at org.junit.runner.JUnitCore.run(JUnitCore.java:117)
	at play.test.TestEngine.run(TestEngine.java:112)
	at controllers.TestRunner.run(TestRunner.java:66)
	at sun.reflect.NativeMethodAccessorImpl.invoke0(Native Method)
	at sun.reflect.NativeMethodAccessorImpl.invoke(NativeMethodAccessorImpl.java:39)
	at sun.reflect.DelegatingMethodAccessorImpl.invoke(DelegatingMethodAccessorImpl.java:25)
	at java.lang.reflect.Method.invoke(Method.java:597)
	at play.mvc.ActionInvoker.invokeWithContinuation(ActionInvoker.java:548)
	at play.mvc.ActionInvoker.invoke(ActionInvoker.java:502)
	at play.mvc.ActionInvoker.invokeControllerMethod(ActionInvoker.java:478)
	at play.mvc.ActionInvoker.invokeControllerMethod(ActionInvoker.java:473)
	at play.mvc.ActionInvoker.invoke(ActionInvoker.java:161)
	at play.server.PlayHandler$NettyInvocation.execute(PlayHandler.java:257)
	at play.Invoker$Invocation.run(Invoker.java:278)
	at play.server.PlayHandler$NettyInvocation.run(PlayHandler.java:235)
	at java.util.concurrent.Executors$RunnableAdapter.call(Executors.java:441)
	at java.util.concurrent.FutureTask$Sync.innerRun(FutureTask.java:303)
	at java.util.concurrent.FutureTask.run(FutureTask.java:138)
	at java.util.concurrent.ScheduledThreadPoolExecutor$ScheduledFutureTask.access$301(ScheduledThreadPoolExecutor.java:98)
	at java.util.concurrent.ScheduledThreadPoolExecutor$ScheduledFutureTask.run(ScheduledThreadPoolExecutor.java:206)
	at java.util.concurrent.ThreadPoolExecutor$Worker.runTask(ThreadPoolExecutor.java:886)
	at java.util.concurrent.ThreadPoolExecutor$Worker.run(ThreadPoolExecutor.java:908)
	at java.lang.Thread.run(Thread.java:662)
Caused by: java.lang.RuntimeException: java.lang.reflect.InvocationTargetException
	at play.modules.orientdb.Model.create(Model.java:58)
	at play.modules.orientdb.ODBPlugin.bind(ODBPlugin.java:103)
	at play.PlayPlugin.bind(PlayPlugin.java:68)
	at play.plugins.PluginCollection.bind(PluginCollection.java:534)
	at play.data.binding.Binder.bind(Binder.java:111)
	at play.data.binding.Binder.bind(Binder.java:91)
	at play.test.Fixtures.loadModels(Fixtures.java:206)
	... 52 more
Caused by: java.lang.reflect.InvocationTargetException
	at sun.reflect.NativeConstructorAccessorImpl.newInstance0(Native Method)
	at sun.reflect.NativeConstructorAccessorImpl.newInstance(NativeConstructorAccessorImpl.java:39)
	at sun.reflect.DelegatingConstructorAccessorImpl.newInstance(DelegatingConstructorAccessorImpl.java:27)
	at java.lang.reflect.Constructor.newInstance(Constructor.java:513)
	at play.modules.orientdb.Model.create(Model.java:55)
	... 58 more
Caused by: java.lang.NoClassDefFoundError: com/orientechnologies/orient/core/iterator/OObjectIteratorMultiCluster
	at java.lang.Class.getDeclaredMethods0(Native Method)
	at java.lang.Class.privateGetDeclaredMethods(Class.java:2427)
	at java.lang.Class.getMethod0(Class.java:2670)
	at java.lang.Class.getMethod(Class.java:1603)
	at play.classloading.enhancers.PropertiesEnhancer$FieldAccessor.invokeWriteProperty(PropertiesEnhancer.java:260)
	at models.Item.&lt;init&gt;(Item.java:25)
	... 63 more
Caused by: java.lang.ClassNotFoundException: com.orientechnologies.orient.core.iterator.OObjectIteratorMultiCluster
	at java.lang.ClassLoader.findClass(ClassLoader.java:358)
	at java.lang.ClassLoader.loadClass(ClassLoader.java:306)
	at play.classloading.ApplicationClassloader.loadClass(ApplicationClassloader.java:93)
	at java.lang.ClassLoader.loadClass(ClassLoader.java:247)
	... 69 more

          </system-err>  
        }
            </testcase>
</testsuite>
