<?xml version="1.0" encoding="UTF-8" ?>

<testsuite failures="0" time="0.219" errors="0" skipped="0" tests="1" name="ModelTest">
  <testcase classname="ModelTest" name="testModel" time="0.219">
      </testcase>
</testsuite>
