<?xml version="1.0" encoding="UTF-8" ?>

<testsuite failures="0" time="0.811" errors="0" skipped="0" tests="1" name="RequirementTest">
  <testcase classname="RequirementTest" name="createRequirement" time="0.811">
      </testcase>
</testsuite>
